2025-03-20 17:49:29,144 INFO, ########################## End of startegy report for ['1270']#####################################

2025-03-20 17:49:29,144 INFO, 1270:359.69999999998254,1270

2025-03-20 17:49:29,144 INFO, Total Orders:201

2025-03-20 17:49:29,144 INFO, Total PNL:359.69999999998254, START_DATE : 20250217, END_DATE:20250218

2025-03-20 17:49:29,144 INFO, Winning Trades:101

2025-03-20 17:49:29,144 INFO, Sharpe daily:0.4528255791168224, Sharpe Annually: 7.188383217791492

2025-03-20 17:49:29,144 INFO, Total volume traded: total quanity buys + sells: 400

2025-03-20 17:49:29,144 INFO, Drawdown: -0.3437927574568978

2025-03-20 17:49:29,144 INFO, ###############################################################################

2025-03-20 17:49:30,116 INFO, ########################## End of startegy report for ['383']#####################################

2025-03-20 17:49:30,116 INFO, 383:-228.19999999998254,383

2025-03-20 17:49:30,116 INFO, Total Orders:201

2025-03-20 17:49:30,116 INFO, Total PNL:-228.19999999998254, START_DATE : 20250217, END_DATE:20250218

2025-03-20 17:49:30,116 INFO, Winning Trades:92

2025-03-20 17:49:30,117 INFO, Sharpe daily:-0.5095454321292249, Sharpe Annually: -8.08878297061722

2025-03-20 17:49:30,117 INFO, Total volume traded: total quanity buys + sells: 400

2025-03-20 17:49:30,117 INFO, Drawdown: -3.1889688249400696

2025-03-20 17:49:30,117 INFO, ###############################################################################

2025-03-20 17:49:30,913 INFO, ########################## End of startegy report for ['526']#####################################

2025-03-20 17:49:30,913 INFO, 526:682.1500000000015,526

2025-03-20 17:49:30,913 INFO, Total Orders:201

2025-03-20 17:49:30,913 INFO, Total PNL:682.1500000000015, START_DATE : 20250217, END_DATE:20250218

2025-03-20 17:49:30,913 INFO, Winning Trades:200

2025-03-20 17:49:30,913 INFO, Sharpe daily:2.042970823450166, Sharpe Annually: 32.4311564076599

2025-03-20 17:49:30,913 INFO, Total volume traded: total quanity buys + sells: 400

2025-03-20 17:49:30,913 INFO, Drawdown: 0.0

2025-03-20 17:49:30,913 INFO, ###############################################################################

2025-03-20 17:49:31,220 INFO, ########################## End of startegy report for ['7']#####################################

2025-03-20 17:49:31,220 INFO, 7:-350.2000000000553,7

2025-03-20 17:49:31,220 INFO, Total Orders:201

2025-03-20 17:49:31,220 INFO, Total PNL:-350.2000000000553, START_DATE : 20250217, END_DATE:20250218

2025-03-20 17:49:31,220 INFO, Winning Trades:100

2025-03-20 17:49:31,220 INFO, Sharpe daily:-0.3666867028871171, Sharpe Annually: -5.820970949481253

2025-03-20 17:49:31,220 INFO, Total volume traded: total quanity buys + sells: 400

2025-03-20 17:49:31,220 INFO, Drawdown: -2.2159722222221974

2025-03-20 17:49:31,220 INFO, ###############################################################################

2025-03-20 17:49:32,691 INFO, ########################## End of startegy report for ['10794']#####################################

2025-03-20 17:49:32,691 INFO, 10794:29.02000000001135,10794

2025-03-20 17:49:32,691 INFO, Total Orders:201

2025-03-20 17:49:32,691 INFO, Total PNL:29.02000000001135, START_DATE : 20250217, END_DATE:20250218

2025-03-20 17:49:32,691 INFO, Winning Trades:95

2025-03-20 17:49:32,691 INFO, Sharpe daily:0.2289478154689385, Sharpe Annually: 3.634433897653908

2025-03-20 17:49:32,691 INFO, Total volume traded: total quanity buys + sells: 400

2025-03-20 17:49:32,691 INFO, Drawdown: -0.5854285714285674

2025-03-20 17:49:32,691 INFO, ###############################################################################

2025-03-20 17:49:32,905 INFO, ########################## End of startegy report for ['404']#####################################

2025-03-20 17:49:32,905 INFO, 404:2511.2999999999447,404

2025-03-20 17:49:32,905 INFO, Total Orders:201

2025-03-20 17:49:32,905 INFO, Total PNL:2511.2999999999447, START_DATE : 20250217, END_DATE:20250218

2025-03-20 17:49:32,905 INFO, Winning Trades:200

2025-03-20 17:49:32,905 INFO, Sharpe daily:4.1228488539397015, Sharpe Annually: 65.44819656379266

2025-03-20 17:49:32,906 INFO, Total volume traded: total quanity buys + sells: 400

2025-03-20 17:49:32,906 INFO, Drawdown: 0.0

2025-03-20 17:49:32,906 INFO, ###############################################################################

2025-03-20 17:49:33,763 INFO, ########################## End of startegy report for ['11439']#####################################

2025-03-20 17:49:33,763 INFO, 11439:124.32000000005064,11439

2025-03-20 17:49:33,763 INFO, Total Orders:201

2025-03-20 17:49:33,763 INFO, Total PNL:124.32000000005064, START_DATE : 20250217, END_DATE:20250218

2025-03-20 17:49:33,763 INFO, Winning Trades:98

2025-03-20 17:49:33,763 INFO, Sharpe daily:0.31196524345244103, Sharpe Annually: 4.952294711225281

2025-03-20 17:49:33,764 INFO, Total volume traded: total quanity buys + sells: 400

2025-03-20 17:49:33,764 INFO, Drawdown: -4.714285714285506

2025-03-20 17:49:33,764 INFO, ###############################################################################

2025-03-20 17:49:34,989 INFO, ########################## End of startegy report for ['19585']#####################################

2025-03-20 17:49:34,989 INFO, 19585:14493.800000000163,19585

2025-03-20 17:49:34,989 INFO, Total Orders:201

2025-03-20 17:49:34,989 INFO, Total PNL:14493.800000000163, START_DATE : 20250217, END_DATE:20250218

2025-03-20 17:49:34,989 INFO, Winning Trades:102

2025-03-20 17:49:34,990 INFO, Sharpe daily:0.7089439712860957, Sharpe Annually: 11.254136649009151

2025-03-20 17:49:34,990 INFO, Total volume traded: total quanity buys + sells: 400

2025-03-20 17:49:34,990 INFO, Drawdown: -0.16354066212010196

2025-03-20 17:49:34,990 INFO, ###############################################################################

2025-03-20 17:49:35,569 INFO, ########################## End of startegy report for ['1901']#####################################

2025-03-20 17:49:35,569 INFO, 1901:6341.000000000116,1901

2025-03-20 17:49:35,569 INFO, Total Orders:201

2025-03-20 17:49:35,569 INFO, Total PNL:6341.000000000116, START_DATE : 20250217, END_DATE:20250218

2025-03-20 17:49:35,569 INFO, Winning Trades:200

2025-03-20 17:49:35,569 INFO, Sharpe daily:1.2423293436882272, Sharpe Annually: 19.72136693902284

2025-03-20 17:49:35,569 INFO, Total volume traded: total quanity buys + sells: 400

2025-03-20 17:49:35,569 INFO, Drawdown: 0.0

2025-03-20 17:49:35,569 INFO, ###############################################################################

2025-03-20 17:49:36,543 INFO, ########################## End of startegy report for ['21174']#####################################

2025-03-20 17:49:36,543 INFO, 21174:-1205.4000000000233,21174

2025-03-20 17:49:36,543 INFO, Total Orders:201

2025-03-20 17:49:36,543 INFO, Total PNL:-1205.4000000000233, START_DATE : 20250217, END_DATE:20250218

2025-03-20 17:49:36,543 INFO, Winning Trades:93

2025-03-20 17:49:36,543 INFO, Sharpe daily:-0.4202293411060719, Sharpe Annually: -6.670933981075193

2025-03-20 17:49:36,543 INFO, Total volume traded: total quanity buys + sells: 400

2025-03-20 17:49:36,543 INFO, Drawdown: -2.546574287913799

2025-03-20 17:49:36,543 INFO, ###############################################################################

2025-03-20 17:49:37,329 INFO, ########################## End of startegy report for ['317']#####################################

2025-03-20 17:49:37,330 INFO, 317:17880.350000001257,317

2025-03-20 17:49:37,330 INFO, Total Orders:201

2025-03-20 17:49:37,330 INFO, Total PNL:17880.350000001257, START_DATE : 20250217, END_DATE:20250218

2025-03-20 17:49:37,330 INFO, Winning Trades:200

2025-03-20 17:49:37,330 INFO, Sharpe daily:1.9179079331304103, Sharpe Annually: 30.445844571485775

2025-03-20 17:49:37,330 INFO, Total volume traded: total quanity buys + sells: 400

2025-03-20 17:49:37,330 INFO, Drawdown: 0.0

2025-03-20 17:49:37,330 INFO, ###############################################################################

2025-03-20 17:49:38,136 INFO, ########################## End of startegy report for ['10604']#####################################

2025-03-20 17:49:38,136 INFO, 10604:-6037.250000000058,10604

2025-03-20 17:49:38,136 INFO, Total Orders:201

2025-03-20 17:49:38,136 INFO, Total PNL:-6037.250000000058, START_DATE : 20250217, END_DATE:20250218

2025-03-20 17:49:38,136 INFO, Winning Trades:0

2025-03-20 17:49:38,138 INFO, Sharpe daily:-2.98551673222827, Sharpe Annually: -47.39360885098931

2025-03-20 17:49:38,138 INFO, Total volume traded: total quanity buys + sells: 400

2025-03-20 17:49:38,138 INFO, Drawdown: -0.0

2025-03-20 17:49:38,138 INFO, ###############################################################################

2025-03-20 17:49:38,614 INFO, ########################## End of startegy report for ['25']#####################################

2025-03-20 17:49:38,614 INFO, 25:8944.000000000291,25

2025-03-20 17:49:38,614 INFO, Total Orders:201

2025-03-20 17:49:38,614 INFO, Total PNL:8944.000000000291, START_DATE : 20250217, END_DATE:20250218

2025-03-20 17:49:38,614 INFO, Winning Trades:100

2025-03-20 17:49:38,614 INFO, Sharpe daily:0.8561152937105595, Sharpe Annually: 13.59040896454296

2025-03-20 17:49:38,614 INFO, Total volume traded: total quanity buys + sells: 400

2025-03-20 17:49:38,615 INFO, Drawdown: -0.07511103527793522

2025-03-20 17:49:38,615 INFO, ###############################################################################

2025-03-20 17:49:39,222 INFO, ########################## End of startegy report for ['16669']#####################################

2025-03-20 17:49:39,222 INFO, 16669:-5385.699999999255,16669

2025-03-20 17:49:39,222 INFO, Total Orders:201

2025-03-20 17:49:39,222 INFO, Total PNL:-5385.699999999255, START_DATE : 20250217, END_DATE:20250218

2025-03-20 17:49:39,222 INFO, Winning Trades:71

2025-03-20 17:49:39,222 INFO, Sharpe daily:-0.735930043308529, Sharpe Annually: -11.682527261612169

2025-03-20 17:49:39,222 INFO, Total volume traded: total quanity buys + sells: 400

2025-03-20 17:49:39,223 INFO, Drawdown: -14.178861788558653

2025-03-20 17:49:39,223 INFO, ###############################################################################

2025-03-20 17:49:40,196 INFO, ########################## End of startegy report for ['324']#####################################

2025-03-20 17:49:40,196 INFO, 324:4320.7999999997555,324

2025-03-20 17:49:40,196 INFO, Total Orders:201

2025-03-20 17:49:40,196 INFO, Total PNL:4320.7999999997555, START_DATE : 20250217, END_DATE:20250218

2025-03-20 17:49:40,196 INFO, Winning Trades:126

2025-03-20 17:49:40,196 INFO, Sharpe daily:0.8517185732628003, Sharpe Annually: 13.5206131912087

2025-03-20 17:49:40,196 INFO, Total volume traded: total quanity buys + sells: 400

2025-03-20 17:49:40,196 INFO, Drawdown: -0.10287449927366928

2025-03-20 17:49:40,196 INFO, ###############################################################################

2025-03-20 17:49:41,065 INFO, ########################## End of startegy report for ['212']#####################################

2025-03-20 17:49:41,065 INFO, 212:1300.310000000005,212

2025-03-20 17:49:41,065 INFO, Total Orders:201

2025-03-20 17:49:41,065 INFO, Total PNL:1300.310000000005, START_DATE : 20250217, END_DATE:20250218

2025-03-20 17:49:41,065 INFO, Winning Trades:195

2025-03-20 17:49:41,065 INFO, Sharpe daily:1.147751321156613, Sharpe Annually: 18.219987376357352

2025-03-20 17:49:41,065 INFO, Total volume traded: total quanity buys + sells: 400

2025-03-20 17:49:41,065 INFO, Drawdown: -0.0016718827211332356

2025-03-20 17:49:41,065 INFO, ###############################################################################

2025-03-20 17:49:41,894 INFO, ########################## End of startegy report for ['5900']#####################################

2025-03-20 17:49:41,895 INFO, 5900:-45.50000000005821,5900

2025-03-20 17:49:41,895 INFO, Total Orders:201

2025-03-20 17:49:41,895 INFO, Total PNL:-45.50000000005821, START_DATE : 20250217, END_DATE:20250218

2025-03-20 17:49:41,895 INFO, Winning Trades:68

2025-03-20 17:49:41,895 INFO, Sharpe daily:-0.17059305011399403, Sharpe Annually: -2.708080715985643

2025-03-20 17:49:41,895 INFO, Total volume traded: total quanity buys + sells: 400

2025-03-20 17:49:41,895 INFO, Drawdown: -105.93333333333628

2025-03-20 17:49:41,895 INFO, ###############################################################################

2025-03-20 17:49:42,350 INFO, ########################## End of startegy report for ['22']#####################################

2025-03-20 17:49:42,350 INFO, 22:2535.1500000000233,22

2025-03-20 17:49:42,350 INFO, Total Orders:201

2025-03-20 17:49:42,350 INFO, Total PNL:2535.1500000000233, START_DATE : 20250217, END_DATE:20250218

2025-03-20 17:49:42,351 INFO, Winning Trades:118

2025-03-20 17:49:42,351 INFO, Sharpe daily:0.5701697190005133, Sharpe Annually: 9.051163689449623

2025-03-20 17:49:42,351 INFO, Total volume traded: total quanity buys + sells: 400

2025-03-20 17:49:42,351 INFO, Drawdown: -0.2879335743940025

2025-03-20 17:49:42,351 INFO, ###############################################################################

2025-03-20 17:49:43,404 INFO, ########################## End of startegy report for ['15083']#####################################

2025-03-20 17:49:43,404 INFO, 15083:4264.100000000035,15083

2025-03-20 17:49:43,404 INFO, Total Orders:201

2025-03-20 17:49:43,404 INFO, Total PNL:4264.100000000035, START_DATE : 20250217, END_DATE:20250218

2025-03-20 17:49:43,404 INFO, Winning Trades:200

2025-03-20 17:49:43,404 INFO, Sharpe daily:1.196058106743218, Sharpe Annually: 18.98683382415181

2025-03-20 17:49:43,404 INFO, Total volume traded: total quanity buys + sells: 400

2025-03-20 17:49:43,404 INFO, Drawdown: 0.0

2025-03-20 17:49:43,404 INFO, ###############################################################################

2025-03-20 17:49:44,117 INFO, ########################## End of startegy report for ['10217']#####################################

2025-03-20 17:49:44,117 INFO, 10217:-2686.7999999999884,10217

2025-03-20 17:49:44,117 INFO, Total Orders:201

2025-03-20 17:49:44,117 INFO, Total PNL:-2686.7999999999884, START_DATE : 20250217, END_DATE:20250218

2025-03-20 17:49:44,117 INFO, Winning Trades:0

2025-03-20 17:49:44,117 INFO, Sharpe daily:-2.8439760388496698, Sharpe Annually: -45.146720000536774

2025-03-20 17:49:44,117 INFO, Total volume traded: total quanity buys + sells: 400

2025-03-20 17:49:44,117 INFO, Drawdown: -0.0

2025-03-20 17:49:44,117 INFO, ###############################################################################

2025-03-20 17:49:44,591 INFO, ########################## End of startegy report for ['6066']#####################################

2025-03-20 17:49:44,591 INFO, 6066:1900.999999999971,6066

2025-03-20 17:49:44,591 INFO, Total Orders:201

2025-03-20 17:49:44,592 INFO, Total PNL:1900.999999999971, START_DATE : 20250217, END_DATE:20250218

2025-03-20 17:49:44,592 INFO, Winning Trades:200

2025-03-20 17:49:44,592 INFO, Sharpe daily:1.8490774435125443, Sharpe Annually: 29.353194422599653

2025-03-20 17:49:44,592 INFO, Total volume traded: total quanity buys + sells: 400

2025-03-20 17:49:44,592 INFO, Drawdown: 0.0

2025-03-20 17:49:44,592 INFO, ###############################################################################

2025-03-20 17:49:45,346 INFO, ########################## End of startegy report for ['2328']#####################################

2025-03-20 17:49:45,346 INFO, 2328:357.64000000000306,2328

2025-03-20 17:49:45,346 INFO, Total Orders:201

2025-03-20 17:49:45,346 INFO, Total PNL:357.64000000000306, START_DATE : 20250217, END_DATE:20250218

2025-03-20 17:49:45,346 INFO, Winning Trades:200

2025-03-20 17:49:45,347 INFO, Sharpe daily:1.9844102181217722, Sharpe Annually: 31.501535617713895

2025-03-20 17:49:45,347 INFO, Total volume traded: total quanity buys + sells: 400

2025-03-20 17:49:45,347 INFO, Drawdown: 0.0

2025-03-20 17:49:45,347 INFO, ###############################################################################

2025-03-20 17:49:46,248 INFO, ########################## End of startegy report for ['342']#####################################

2025-03-20 17:49:46,248 INFO, 342:-11030.649999999907,342

2025-03-20 17:49:46,248 INFO, Total Orders:201

2025-03-20 17:49:46,248 INFO, Total PNL:-11030.649999999907, START_DATE : 20250217, END_DATE:20250218

2025-03-20 17:49:46,248 INFO, Winning Trades:0

2025-03-20 17:49:46,249 INFO, Sharpe daily:-1.6068680991463873, Sharpe Annually: -25.508240280146527

2025-03-20 17:49:46,249 INFO, Total volume traded: total quanity buys + sells: 400

2025-03-20 17:49:46,249 INFO, Drawdown: -0.0

2025-03-20 17:49:46,249 INFO, ###############################################################################

2025-03-20 17:49:46,498 INFO, ########################## End of startegy report for ['17419']#####################################

2025-03-20 17:49:46,498 INFO, 17419:337.0399999999936,17419

2025-03-20 17:49:46,499 INFO, Total Orders:153

2025-03-20 17:49:46,499 INFO, Total PNL:337.0399999999936, START_DATE : 20250217, END_DATE:20250218

2025-03-20 17:49:46,499 INFO, Winning Trades:144

2025-03-20 17:49:46,499 INFO, Sharpe daily:1.683730475183587, Sharpe Annually: 26.72839267317829

2025-03-20 17:49:46,499 INFO, Total volume traded: total quanity buys + sells: 302

2025-03-20 17:49:46,499 INFO, Drawdown: -0.0037245048773277734

2025-03-20 17:49:46,499 INFO, ###############################################################################

2025-03-20 17:49:47,993 INFO, ########################## End of startegy report for ['16675']#####################################

2025-03-20 17:49:47,994 INFO, 16675:7185.049999999697,16675

2025-03-20 17:49:47,994 INFO, Total Orders:201

2025-03-20 17:49:47,994 INFO, Total PNL:7185.049999999697, START_DATE : 20250217, END_DATE:20250218

2025-03-20 17:49:47,996 INFO, Winning Trades:200

2025-03-20 17:49:47,996 INFO, Sharpe daily:1.4555888409336764, Sharpe Annually: 23.106756505627573

2025-03-20 17:49:47,996 INFO, Total volume traded: total quanity buys + sells: 400

2025-03-20 17:49:47,996 INFO, Drawdown: 0.0

2025-03-20 17:49:47,996 INFO, ###############################################################################

2025-03-20 17:49:48,522 INFO, ########################## End of startegy report for ['236']#####################################

2025-03-20 17:49:48,522 INFO, 236:252.8499999997439,236

2025-03-20 17:49:48,522 INFO, Total Orders:201

2025-03-20 17:49:48,522 INFO, Total PNL:252.8499999997439, START_DATE : 20250217, END_DATE:20250218

2025-03-20 17:49:48,522 INFO, Winning Trades:100

2025-03-20 17:49:48,523 INFO, Sharpe daily:0.1899274771133699, Sharpe Annually: 3.015005229479331

2025-03-20 17:49:48,523 INFO, Total volume traded: total quanity buys + sells: 400

2025-03-20 17:49:48,523 INFO, Drawdown: -0.6719003438655672

2025-03-20 17:49:48,523 INFO, ###############################################################################

2025-03-20 17:49:49,439 INFO, ########################## End of startegy report for ['438']#####################################

2025-03-20 17:49:49,439 INFO, 438:-1003.2700000000041,438

2025-03-20 17:49:49,439 INFO, Total Orders:201

2025-03-20 17:49:49,439 INFO, Total PNL:-1003.2700000000041, START_DATE : 20250217, END_DATE:20250218

2025-03-20 17:49:49,439 INFO, Winning Trades:0

2025-03-20 17:49:49,439 INFO, Sharpe daily:-2.9656036094315574, Sharpe Annually: -47.077497826508555

2025-03-20 17:49:49,439 INFO, Total volume traded: total quanity buys + sells: 400

2025-03-20 17:49:49,440 INFO, Drawdown: -0.0

2025-03-20 17:49:49,440 INFO, ###############################################################################

2025-03-20 17:49:49,854 INFO, ########################## End of startegy report for ['14418']#####################################

2025-03-20 17:49:49,854 INFO, 14418:3349.199999999895,14418

2025-03-20 17:49:49,854 INFO, Total Orders:201

2025-03-20 17:49:49,854 INFO, Total PNL:3349.199999999895, START_DATE : 20250217, END_DATE:20250218

2025-03-20 17:49:49,854 INFO, Winning Trades:100

2025-03-20 17:49:49,855 INFO, Sharpe daily:0.45174606863149414, Sharpe Annually: 7.1712465201003015

2025-03-20 17:49:49,855 INFO, Total volume traded: total quanity buys + sells: 400

2025-03-20 17:49:49,855 INFO, Drawdown: -0.37560939233214147

2025-03-20 17:49:49,855 INFO, ###############################################################################

2025-03-20 17:49:50,777 INFO, ########################## End of startegy report for ['11543']#####################################

2025-03-20 17:49:50,777 INFO, 11543:-1637.1499999999069,11543

2025-03-20 17:49:50,777 INFO, Total Orders:201

2025-03-20 17:49:50,777 INFO, Total PNL:-1637.1499999999069, START_DATE : 20250217, END_DATE:20250218

2025-03-20 17:49:50,777 INFO, Winning Trades:97

2025-03-20 17:49:50,777 INFO, Sharpe daily:-0.14504404994427827, Sharpe Annually: -2.3025029118131535

2025-03-20 17:49:50,777 INFO, Total volume traded: total quanity buys + sells: 400

2025-03-20 17:49:50,777 INFO, Drawdown: -1.4131713103169798

2025-03-20 17:49:50,777 INFO, ###############################################################################

2025-03-20 17:49:51,588 INFO, ########################## End of startegy report for ['694']#####################################

2025-03-20 17:49:51,588 INFO, 694:2509.1999999999534,694

2025-03-20 17:49:51,588 INFO, Total Orders:201

2025-03-20 17:49:51,588 INFO, Total PNL:2509.1999999999534, START_DATE : 20250217, END_DATE:20250218

2025-03-20 17:49:51,588 INFO, Winning Trades:199

2025-03-20 17:49:51,588 INFO, Sharpe daily:1.4600512088416995, Sharpe Annually: 23.177594400086203

2025-03-20 17:49:51,588 INFO, Total volume traded: total quanity buys + sells: 400

2025-03-20 17:49:51,588 INFO, Drawdown: -2.3330689188431187e-05

2025-03-20 17:49:51,588 INFO, ###############################################################################

2025-03-20 17:49:52,318 INFO, ########################## End of startegy report for ['21238']#####################################

2025-03-20 17:49:52,318 INFO, 21238:-4755.749999999884,21238

2025-03-20 17:49:52,318 INFO, Total Orders:201

2025-03-20 17:49:52,318 INFO, Total PNL:-4755.749999999884, START_DATE : 20250217, END_DATE:20250218

2025-03-20 17:49:52,318 INFO, Winning Trades:0

2025-03-20 17:49:52,319 INFO, Sharpe daily:-7.074765539844279, Sharpe Annually: -112.30842121510553

2025-03-20 17:49:52,319 INFO, Total volume traded: total quanity buys + sells: 400

2025-03-20 17:49:52,319 INFO, Drawdown: -0.0

2025-03-20 17:49:52,319 INFO, ###############################################################################

2025-03-20 17:49:52,928 INFO, ########################## End of startegy report for ['275']#####################################

2025-03-20 17:49:52,928 INFO, 275:4653.900000000023,275

2025-03-20 17:49:52,928 INFO, Total Orders:201

2025-03-20 17:49:52,928 INFO, Total PNL:4653.900000000023, START_DATE : 20250217, END_DATE:20250218

2025-03-20 17:49:52,928 INFO, Winning Trades:160

2025-03-20 17:49:52,928 INFO, Sharpe daily:1.0182699153259662, Sharpe Annually: 16.164533780947828

2025-03-20 17:49:52,928 INFO, Total volume traded: total quanity buys + sells: 400

2025-03-20 17:49:52,928 INFO, Drawdown: -0.024302666725052095

2025-03-20 17:49:52,928 INFO, ###############################################################################

2025-03-20 17:49:53,632 INFO, ########################## End of startegy report for ['685']#####################################

2025-03-20 17:49:53,632 INFO, 685:-289.35000000020955,685

2025-03-20 17:49:53,632 INFO, Total Orders:201

2025-03-20 17:49:53,632 INFO, Total PNL:-289.35000000020955, START_DATE : 20250217, END_DATE:20250218

2025-03-20 17:49:53,632 INFO, Winning Trades:76

2025-03-20 17:49:53,633 INFO, Sharpe daily:-0.2217415158671086, Sharpe Annually: -3.520037437937114

2025-03-20 17:49:53,633 INFO, Total volume traded: total quanity buys + sells: 400

2025-03-20 17:49:53,633 INFO, Drawdown: -2.5415457662886625

2025-03-20 17:49:53,633 INFO, ###############################################################################

2025-03-20 17:49:54,406 INFO, ########################## End of startegy report for ['547']#####################################

2025-03-20 17:49:54,406 INFO, 547:-8008.350000000442,547

2025-03-20 17:49:54,406 INFO, Total Orders:201

2025-03-20 17:49:54,406 INFO, Total PNL:-8008.350000000442, START_DATE : 20250217, END_DATE:20250218

2025-03-20 17:49:54,406 INFO, Winning Trades:0

2025-03-20 17:49:54,406 INFO, Sharpe daily:-3.2610789678156418, Sharpe Annually: -51.76802372750038

2025-03-20 17:49:54,406 INFO, Total volume traded: total quanity buys + sells: 400

2025-03-20 17:49:54,406 INFO, Drawdown: -0.0

2025-03-20 17:49:54,406 INFO, ###############################################################################

2025-03-20 17:49:55,094 INFO, ########################## End of startegy report for ['6994']#####################################

2025-03-20 17:49:55,094 INFO, 6994:-1407.3000000000175,6994

2025-03-20 17:49:55,094 INFO, Total Orders:201

2025-03-20 17:49:55,094 INFO, Total PNL:-1407.3000000000175, START_DATE : 20250217, END_DATE:20250218

2025-03-20 17:49:55,094 INFO, Winning Trades:0

2025-03-20 17:49:55,095 INFO, Sharpe daily:-3.860651681884091, Sharpe Annually: -61.2859454934513

2025-03-20 17:49:55,095 INFO, Total volume traded: total quanity buys + sells: 400

2025-03-20 17:49:55,095 INFO, Drawdown: -0.0

2025-03-20 17:49:55,095 INFO, ###############################################################################

2025-03-20 17:49:56,034 INFO, ########################## End of startegy report for ['4668']#####################################

2025-03-20 17:49:56,034 INFO, 4668:453.01999999997497,4668

2025-03-20 17:49:56,034 INFO, Total Orders:201

2025-03-20 17:49:56,034 INFO, Total PNL:453.01999999997497, START_DATE : 20250217, END_DATE:20250218

2025-03-20 17:49:56,034 INFO, Winning Trades:164

2025-03-20 17:49:56,034 INFO, Sharpe daily:0.9639091704011276, Sharpe Annually: 15.30158370801579

2025-03-20 17:49:56,034 INFO, Total volume traded: total quanity buys + sells: 400

2025-03-20 17:49:56,035 INFO, Drawdown: -0.013901884774763012

2025-03-20 17:49:56,035 INFO, ###############################################################################

2025-03-20 17:49:56,414 INFO, ########################## End of startegy report for ['11703']#####################################

2025-03-20 17:49:56,414 INFO, 11703:3145.6499999997905,11703

2025-03-20 17:49:56,414 INFO, Total Orders:201

2025-03-20 17:49:56,414 INFO, Total PNL:3145.6499999997905, START_DATE : 20250217, END_DATE:20250218

2025-03-20 17:49:56,414 INFO, Winning Trades:100

2025-03-20 17:49:56,414 INFO, Sharpe daily:0.25146045800745215, Sharpe Annually: 3.991811018724714

2025-03-20 17:49:56,414 INFO, Total volume traded: total quanity buys + sells: 400

2025-03-20 17:49:56,414 INFO, Drawdown: -0.5930200213474859

2025-03-20 17:49:56,414 INFO, ###############################################################################

2025-03-20 17:49:57,645 INFO, ########################## End of startegy report for ['13']#####################################

2025-03-20 17:49:57,645 INFO, 13:-29153.50000000035,13

2025-03-20 17:49:57,645 INFO, Total Orders:201

2025-03-20 17:49:57,645 INFO, Total PNL:-29153.50000000035, START_DATE : 20250217, END_DATE:20250218

2025-03-20 17:49:57,645 INFO, Winning Trades:0

2025-03-20 17:49:57,645 INFO, Sharpe daily:-1.2709355662787918, Sharpe Annually: -20.175476644564387

2025-03-20 17:49:57,645 INFO, Total volume traded: total quanity buys + sells: 400

2025-03-20 17:49:57,645 INFO, Drawdown: -0.0

2025-03-20 17:49:57,645 INFO, ###############################################################################

2025-03-20 17:49:58,234 INFO, ########################## End of startegy report for ['157']#####################################

2025-03-20 17:49:58,234 INFO, 157:19917.450000000652,157

2025-03-20 17:49:58,234 INFO, Total Orders:201

2025-03-20 17:49:58,234 INFO, Total PNL:19917.450000000652, START_DATE : 20250217, END_DATE:20250218

2025-03-20 17:49:58,234 INFO, Winning Trades:200

2025-03-20 17:49:58,234 INFO, Sharpe daily:1.355110516126863, Sharpe Annually: 21.51171254808037

2025-03-20 17:49:58,234 INFO, Total volume traded: total quanity buys + sells: 400

2025-03-20 17:49:58,234 INFO, Drawdown: 0.0

2025-03-20 17:49:58,234 INFO, ###############################################################################

2025-03-20 17:49:58,956 INFO, ########################## End of startegy report for ['3563']#####################################

2025-03-20 17:49:58,956 INFO, 3563:5478.749999999942,3563

2025-03-20 17:49:58,956 INFO, Total Orders:201

2025-03-20 17:49:58,956 INFO, Total PNL:5478.749999999942, START_DATE : 20250217, END_DATE:20250218

2025-03-20 17:49:58,956 INFO, Winning Trades:198

2025-03-20 17:49:58,956 INFO, Sharpe daily:1.6805129360353557, Sharpe Annually: 26.67731582265928

2025-03-20 17:49:58,956 INFO, Total volume traded: total quanity buys + sells: 400

2025-03-20 17:49:58,956 INFO, Drawdown: -0.0002210201826324241

2025-03-20 17:49:58,956 INFO, ###############################################################################

2025-03-20 17:49:59,710 INFO, ########################## End of startegy report for ['760']#####################################

2025-03-20 17:49:59,710 INFO, 760:3253.6999999999825,760

2025-03-20 17:49:59,710 INFO, Total Orders:201

2025-03-20 17:49:59,710 INFO, Total PNL:3253.6999999999825, START_DATE : 20250217, END_DATE:20250218

2025-03-20 17:49:59,710 INFO, Winning Trades:100

2025-03-20 17:49:59,710 INFO, Sharpe daily:0.7724643467398833, Sharpe Annually: 12.262491348826194

2025-03-20 17:49:59,710 INFO, Total volume traded: total quanity buys + sells: 400

2025-03-20 17:49:59,710 INFO, Drawdown: -0.12620681320747154

2025-03-20 17:49:59,710 INFO, ###############################################################################

2025-03-20 17:50:00,208 INFO, ########################## End of startegy report for ['637']#####################################

2025-03-20 17:50:00,208 INFO, 637:1451.249999999971,637

2025-03-20 17:50:00,208 INFO, Total Orders:201

2025-03-20 17:50:00,208 INFO, Total PNL:1451.249999999971, START_DATE : 20250217, END_DATE:20250218

2025-03-20 17:50:00,209 INFO, Winning Trades:100

2025-03-20 17:50:00,210 INFO, Sharpe daily:0.63503899103593, Sharpe Annually: 10.080931458662679

2025-03-20 17:50:00,210 INFO, Total volume traded: total quanity buys + sells: 400

2025-03-20 17:50:00,211 INFO, Drawdown: -0.21534967965180526

2025-03-20 17:50:00,211 INFO, ###############################################################################

2025-03-20 17:50:00,957 INFO, ########################## End of startegy report for ['15141']#####################################

2025-03-20 17:50:00,957 INFO, 15141:-741.2499999997672,15141

2025-03-20 17:50:00,957 INFO, Total Orders:201

2025-03-20 17:50:00,957 INFO, Total PNL:-741.2499999997672, START_DATE : 20250217, END_DATE:20250218

2025-03-20 17:50:00,957 INFO, Winning Trades:90

2025-03-20 17:50:00,957 INFO, Sharpe daily:-0.43890877791016675, Sharpe Annually: -6.967460847561486

2025-03-20 17:50:00,957 INFO, Total volume traded: total quanity buys + sells: 400

2025-03-20 17:50:00,958 INFO, Drawdown: -0.0

2025-03-20 17:50:00,958 INFO, ###############################################################################

2025-03-20 17:50:02,086 INFO, ########################## End of startegy report for ['20374']#####################################

2025-03-20 17:50:02,086 INFO, 20374:1262.6499999999796,20374

2025-03-20 17:50:02,086 INFO, Total Orders:201

2025-03-20 17:50:02,086 INFO, Total PNL:1262.6499999999796, START_DATE : 20250217, END_DATE:20250218

2025-03-20 17:50:02,086 INFO, Winning Trades:196

2025-03-20 17:50:02,086 INFO, Sharpe daily:1.5523982005302293, Sharpe Annually: 24.643557446082994

2025-03-20 17:50:02,086 INFO, Total volume traded: total quanity buys + sells: 400

2025-03-20 17:50:02,086 INFO, Drawdown: -0.0005831753899984535

2025-03-20 17:50:02,086 INFO, ###############################################################################

2025-03-20 17:50:02,328 INFO, ########################## End of startegy report for ['5748']#####################################

2025-03-20 17:50:02,328 INFO, 5748:9804.550000000047,5748

2025-03-20 17:50:02,328 INFO, Total Orders:201

2025-03-20 17:50:02,328 INFO, Total PNL:9804.550000000047, START_DATE : 20250217, END_DATE:20250218

2025-03-20 17:50:02,329 INFO, Winning Trades:200

2025-03-20 17:50:02,329 INFO, Sharpe daily:2.02196428116346, Sharpe Annually: 32.09768788688398

2025-03-20 17:50:02,329 INFO, Total volume traded: total quanity buys + sells: 400

2025-03-20 17:50:02,329 INFO, Drawdown: 0.0

2025-03-20 17:50:02,329 INFO, ###############################################################################

2025-03-20 17:50:03,310 INFO, ########################## End of startegy report for ['2263']#####################################

2025-03-20 17:50:03,310 INFO, 2263:-536.3400000000111,2263

2025-03-20 17:50:03,310 INFO, Total Orders:201

2025-03-20 17:50:03,310 INFO, Total PNL:-536.3400000000111, START_DATE : 20250217, END_DATE:20250218

2025-03-20 17:50:03,310 INFO, Winning Trades:0

2025-03-20 17:50:03,310 INFO, Sharpe daily:-6.395793670440086, Sharpe Annually: -101.53007693319282

2025-03-20 17:50:03,310 INFO, Total volume traded: total quanity buys + sells: 400

2025-03-20 17:50:03,310 INFO, Drawdown: -0.0

2025-03-20 17:50:03,310 INFO, ###############################################################################

2025-03-20 17:50:03,922 INFO, ########################## End of startegy report for ['4749']#####################################

2025-03-20 17:50:03,923 INFO, 4749:-678.6000000000349,4749

2025-03-20 17:50:03,923 INFO, Total Orders:201

2025-03-20 17:50:03,923 INFO, Total PNL:-678.6000000000349, START_DATE : 20250217, END_DATE:20250218

2025-03-20 17:50:03,923 INFO, Winning Trades:100

2025-03-20 17:50:03,923 INFO, Sharpe daily:-0.18119525209190623, Sharpe Annually: -2.87638545468504

2025-03-20 17:50:03,923 INFO, Total volume traded: total quanity buys + sells: 400

2025-03-20 17:50:03,923 INFO, Drawdown: -1.4480095068330445

2025-03-20 17:50:03,923 INFO, ###############################################################################

2025-03-20 17:50:04,525 INFO, ########################## End of startegy report for ['25780']#####################################

2025-03-20 17:50:04,525 INFO, 25780:3000.0999999999185,25780

2025-03-20 17:50:04,525 INFO, Total Orders:201

2025-03-20 17:50:04,525 INFO, Total PNL:3000.0999999999185, START_DATE : 20250217, END_DATE:20250218

2025-03-20 17:50:04,525 INFO, Winning Trades:100

2025-03-20 17:50:04,526 INFO, Sharpe daily:0.541001156660509, Sharpe Annually: 8.588127117132009

2025-03-20 17:50:04,526 INFO, Total volume traded: total quanity buys + sells: 400

2025-03-20 17:50:04,526 INFO, Drawdown: -0.29078165076888834

2025-03-20 17:50:04,526 INFO, ###############################################################################

2025-03-20 17:50:05,174 INFO, ########################## End of startegy report for ['335']#####################################

2025-03-20 17:50:05,174 INFO, 335:1639.3500000000931,335

2025-03-20 17:50:05,175 INFO, Total Orders:201

2025-03-20 17:50:05,175 INFO, Total PNL:1639.3500000000931, START_DATE : 20250217, END_DATE:20250218

2025-03-20 17:50:05,175 INFO, Winning Trades:100

2025-03-20 17:50:05,176 INFO, Sharpe daily:0.1585478803400806, Sharpe Annually: 2.5168695736576807

2025-03-20 17:50:05,176 INFO, Total volume traded: total quanity buys + sells: 400

2025-03-20 17:50:05,176 INFO, Drawdown: -0.721823457544289

2025-03-20 17:50:05,176 INFO, ###############################################################################

2025-03-20 17:50:06,194 INFO, ########################## End of startegy report for ['7929']#####################################

2025-03-20 17:50:06,194 INFO, 7929:795.7000000000407,7929

2025-03-20 17:50:06,194 INFO, Total Orders:201

2025-03-20 17:50:06,194 INFO, Total PNL:795.7000000000407, START_DATE : 20250217, END_DATE:20250218

2025-03-20 17:50:06,194 INFO, Winning Trades:100

2025-03-20 17:50:06,194 INFO, Sharpe daily:0.3026470757367015, Sharpe Annually: 4.804373384521456

2025-03-20 17:50:06,194 INFO, Total volume traded: total quanity buys + sells: 400

2025-03-20 17:50:06,194 INFO, Drawdown: -0.5268056257619463

2025-03-20 17:50:06,194 INFO, ###############################################################################

2025-03-20 17:50:06,730 INFO, ########################## End of startegy report for ['422']#####################################

2025-03-20 17:50:06,730 INFO, 422:1999.1500000001106,422

2025-03-20 17:50:06,730 INFO, Total Orders:201

2025-03-20 17:50:06,730 INFO, Total PNL:1999.1500000001106, START_DATE : 20250217, END_DATE:20250218

2025-03-20 17:50:06,730 INFO, Winning Trades:169

2025-03-20 17:50:06,730 INFO, Sharpe daily:1.0600960664103591, Sharpe Annually: 16.82850334535774

2025-03-20 17:50:06,730 INFO, Total volume traded: total quanity buys + sells: 400

2025-03-20 17:50:06,730 INFO, Drawdown: -0.01940074489966176

2025-03-20 17:50:06,730 INFO, ###############################################################################

2025-03-20 17:50:07,529 INFO, ########################## End of startegy report for ['21614']#####################################

2025-03-20 17:50:07,529 INFO, 21614:531.7299999999959,21614

2025-03-20 17:50:07,529 INFO, Total Orders:201

2025-03-20 17:50:07,529 INFO, Total PNL:531.7299999999959, START_DATE : 20250217, END_DATE:20250218

2025-03-20 17:50:07,529 INFO, Winning Trades:200

2025-03-20 17:50:07,530 INFO, Sharpe daily:1.7702424689641716, Sharpe Annually: 28.10172799898505

2025-03-20 17:50:07,530 INFO, Total volume traded: total quanity buys + sells: 400

2025-03-20 17:50:07,530 INFO, Drawdown: 0.0

2025-03-20 17:50:07,530 INFO, ###############################################################################

2025-03-20 17:50:08,324 INFO, ########################## End of startegy report for ['30108']#####################################

2025-03-20 17:50:08,324 INFO, 30108:452.55000000002474,30108

2025-03-20 17:50:08,324 INFO, Total Orders:201

2025-03-20 17:50:08,324 INFO, Total PNL:452.55000000002474, START_DATE : 20250217, END_DATE:20250218

2025-03-20 17:50:08,324 INFO, Winning Trades:100

2025-03-20 17:50:08,325 INFO, Sharpe daily:0.279146694351108, Sharpe Annually: 4.431316395352743

2025-03-20 17:50:08,325 INFO, Total volume traded: total quanity buys + sells: 400

2025-03-20 17:50:08,325 INFO, Drawdown: -0.5571917808219178

2025-03-20 17:50:08,325 INFO, ###############################################################################

2025-03-20 17:50:08,937 INFO, ########################## End of startegy report for ['4745']#####################################

2025-03-20 17:50:08,937 INFO, 4745:-357.8199999999997,4745

2025-03-20 17:50:08,937 INFO, Total Orders:201

2025-03-20 17:50:08,937 INFO, Total PNL:-357.8199999999997, START_DATE : 20250217, END_DATE:20250218

2025-03-20 17:50:08,937 INFO, Winning Trades:0

2025-03-20 17:50:08,937 INFO, Sharpe daily:-2.009205041851099, Sharpe Annually: -31.895141242050787

2025-03-20 17:50:08,937 INFO, Total volume traded: total quanity buys + sells: 400

2025-03-20 17:50:08,937 INFO, Drawdown: -0.0

2025-03-20 17:50:08,937 INFO, ###############################################################################

2025-03-20 17:50:09,513 INFO, ########################## End of startegy report for ['163']#####################################

2025-03-20 17:50:09,513 INFO, 163:237.34999999999127,163

2025-03-20 17:50:09,513 INFO, Total Orders:201

2025-03-20 17:50:09,513 INFO, Total PNL:237.34999999999127, START_DATE : 20250217, END_DATE:20250218

2025-03-20 17:50:09,514 INFO, Winning Trades:91

2025-03-20 17:50:09,514 INFO, Sharpe daily:0.27436474256262733, Sharpe Annually: 4.355405264069821

2025-03-20 17:50:09,514 INFO, Total volume traded: total quanity buys + sells: 400

2025-03-20 17:50:09,514 INFO, Drawdown: -0.5401085061034722

2025-03-20 17:50:09,514 INFO, ###############################################################################

2025-03-20 17:50:10,440 INFO, ########################## End of startegy report for ['739']#####################################

2025-03-20 17:50:10,440 INFO, 739:-1334.9500000000116,739

2025-03-20 17:50:10,440 INFO, Total Orders:201

2025-03-20 17:50:10,440 INFO, Total PNL:-1334.9500000000116, START_DATE : 20250217, END_DATE:20250218

2025-03-20 17:50:10,440 INFO, Winning Trades:13

2025-03-20 17:50:10,441 INFO, Sharpe daily:-1.2992061842320752, Sharpe Annually: -20.624258791651425

2025-03-20 17:50:10,441 INFO, Total volume traded: total quanity buys + sells: 400

2025-03-20 17:50:10,441 INFO, Drawdown: -0.0

2025-03-20 17:50:10,441 INFO, ###############################################################################

2025-03-20 17:50:11,576 INFO, ########################## End of startegy report for ['5142']#####################################

2025-03-20 17:50:11,576 INFO, 5142:1519.899999999965,5142

2025-03-20 17:50:11,576 INFO, Total Orders:201

2025-03-20 17:50:11,576 INFO, Total PNL:1519.899999999965, START_DATE : 20250217, END_DATE:20250218

2025-03-20 17:50:11,577 INFO, Winning Trades:137

2025-03-20 17:50:11,577 INFO, Sharpe daily:0.7520349357914116, Sharpe Annually: 11.938184504019015

2025-03-20 17:50:11,577 INFO, Total volume traded: total quanity buys + sells: 400

2025-03-20 17:50:11,577 INFO, Drawdown: -0.157430914237362

2025-03-20 17:50:11,577 INFO, ###############################################################################

2025-03-20 17:50:12,647 INFO, ########################## End of startegy report for ['17094']#####################################

2025-03-20 17:50:12,647 INFO, 17094:639.9999999999854,17094

2025-03-20 17:50:12,647 INFO, Total Orders:201

2025-03-20 17:50:12,647 INFO, Total PNL:639.9999999999854, START_DATE : 20250217, END_DATE:20250218

2025-03-20 17:50:12,647 INFO, Winning Trades:191

2025-03-20 17:50:12,648 INFO, Sharpe daily:1.519667098771966, Sharpe Annually: 24.12396731374591

2025-03-20 17:50:12,648 INFO, Total volume traded: total quanity buys + sells: 400

2025-03-20 17:50:12,648 INFO, Drawdown: -0.0010254073145721547

2025-03-20 17:50:12,648 INFO, ###############################################################################

2025-03-20 17:50:13,399 INFO, ########################## End of startegy report for ['11373']#####################################

2025-03-20 17:50:13,399 INFO, 11373:-1308.0999999999767,11373

2025-03-20 17:50:13,399 INFO, Total Orders:201

2025-03-20 17:50:13,399 INFO, Total PNL:-1308.0999999999767, START_DATE : 20250217, END_DATE:20250218

2025-03-20 17:50:13,399 INFO, Winning Trades:1

2025-03-20 17:50:13,399 INFO, Sharpe daily:-1.3184667296519685, Sharpe Annually: -20.930010471430435

2025-03-20 17:50:13,399 INFO, Total volume traded: total quanity buys + sells: 400

2025-03-20 17:50:13,399 INFO, Drawdown: -0.0

2025-03-20 17:50:13,399 INFO, ###############################################################################

2025-03-20 17:50:13,692 INFO, ########################## End of startegy report for ['371']#####################################

2025-03-20 17:50:13,692 INFO, 371:-2142.9000000001397,371

2025-03-20 17:50:13,692 INFO, Total Orders:201

2025-03-20 17:50:13,692 INFO, Total PNL:-2142.9000000001397, START_DATE : 20250217, END_DATE:20250218

2025-03-20 17:50:13,692 INFO, Winning Trades:62

2025-03-20 17:50:13,692 INFO, Sharpe daily:-0.9614873258511225, Sharpe Annually: -15.263138117655568

2025-03-20 17:50:13,692 INFO, Total volume traded: total quanity buys + sells: 400

2025-03-20 17:50:13,692 INFO, Drawdown: -0.0

2025-03-20 17:50:13,692 INFO, ###############################################################################

2025-03-20 17:50:14,453 INFO, ########################## End of startegy report for ['583']#####################################

2025-03-20 17:50:14,453 INFO, 583:-342.5,583

2025-03-20 17:50:14,453 INFO, Total Orders:201

2025-03-20 17:50:14,453 INFO, Total PNL:-342.5, START_DATE : 20250217, END_DATE:20250218

2025-03-20 17:50:14,453 INFO, Winning Trades:90

2025-03-20 17:50:14,453 INFO, Sharpe daily:-0.38052390526919644, Sharpe Annually: -6.040629727544368

2025-03-20 17:50:14,453 INFO, Total volume traded: total quanity buys + sells: 400

2025-03-20 17:50:14,454 INFO, Drawdown: -2.34551168729124

2025-03-20 17:50:14,454 INFO, ###############################################################################

2025-03-20 17:50:15,220 INFO, ########################## End of startegy report for ['5701']#####################################

2025-03-20 17:50:15,220 INFO, 5701:-307.64999999998327,5701

2025-03-20 17:50:15,220 INFO, Total Orders:201

2025-03-20 17:50:15,220 INFO, Total PNL:-307.64999999998327, START_DATE : 20250217, END_DATE:20250218

2025-03-20 17:50:15,220 INFO, Winning Trades:3

2025-03-20 17:50:15,220 INFO, Sharpe daily:-1.529351028152082, Sharpe Annually: -24.277694926868104

2025-03-20 17:50:15,220 INFO, Total volume traded: total quanity buys + sells: 400

2025-03-20 17:50:15,220 INFO, Drawdown: -0.0

2025-03-20 17:50:15,220 INFO, ###############################################################################

2025-03-20 17:50:16,307 INFO, ########################## End of startegy report for ['13620']#####################################

2025-03-20 17:50:16,307 INFO, 13620:-4168.75,13620

2025-03-20 17:50:16,307 INFO, Total Orders:201

2025-03-20 17:50:16,307 INFO, Total PNL:-4168.75, START_DATE : 20250217, END_DATE:20250218

2025-03-20 17:50:16,307 INFO, Winning Trades:0

2025-03-20 17:50:16,308 INFO, Sharpe daily:-7.573914839559687, Sharpe Annually: -120.2321706999396

2025-03-20 17:50:16,308 INFO, Total volume traded: total quanity buys + sells: 400

2025-03-20 17:50:16,308 INFO, Drawdown: -0.0

2025-03-20 17:50:16,308 INFO, ###############################################################################

2025-03-20 17:50:16,818 INFO, ########################## End of startegy report for ['17388']#####################################

2025-03-20 17:50:16,818 INFO, 17388:448.55000000004657,17388

2025-03-20 17:50:16,818 INFO, Total Orders:201

2025-03-20 17:50:16,818 INFO, Total PNL:448.55000000004657, START_DATE : 20250217, END_DATE:20250218

2025-03-20 17:50:16,818 INFO, Winning Trades:100

2025-03-20 17:50:16,818 INFO, Sharpe daily:0.31940460672010446, Sharpe Annually: 5.070390941938718

2025-03-20 17:50:16,819 INFO, Total volume traded: total quanity buys + sells: 400

2025-03-20 17:50:16,819 INFO, Drawdown: -0.5094061030296404

2025-03-20 17:50:16,819 INFO, ###############################################################################

2025-03-20 17:50:17,401 INFO, ########################## End of startegy report for ['40']#####################################

2025-03-20 17:50:17,401 INFO, 40:-6698.54999999993,40

2025-03-20 17:50:17,401 INFO, Total Orders:201

2025-03-20 17:50:17,401 INFO, Total PNL:-6698.54999999993, START_DATE : 20250217, END_DATE:20250218

2025-03-20 17:50:17,401 INFO, Winning Trades:0

2025-03-20 17:50:17,402 INFO, Sharpe daily:-4.412705483368533, Sharpe Annually: -70.04952790778522

2025-03-20 17:50:17,402 INFO, Total volume traded: total quanity buys + sells: 400

2025-03-20 17:50:17,402 INFO, Drawdown: -0.0

2025-03-20 17:50:17,402 INFO, ###############################################################################

2025-03-20 17:50:18,042 INFO, ########################## End of startegy report for ['3010']#####################################

2025-03-20 17:50:18,042 INFO, 3010:-37456.45000000001,3010

2025-03-20 17:50:18,042 INFO, Total Orders:85

2025-03-20 17:50:18,042 INFO, Total PNL:-37456.45000000001, START_DATE : 20250217, END_DATE:20250218

2025-03-20 17:50:19,221 INFO, ########################## End of startegy report for ['25270']#####################################

2025-03-20 17:50:19,221 INFO, 25270:-17.229999999999563,25270

2025-03-20 17:50:19,221 INFO, Total Orders:201

2025-03-20 17:50:19,221 INFO, Total PNL:-17.229999999999563, START_DATE : 20250217, END_DATE:20250218

2025-03-20 17:50:19,221 INFO, Winning Trades:89

2025-03-20 17:50:19,221 INFO, Sharpe daily:-0.09048717416479708, Sharpe Annually: -1.4364393580862511

2025-03-20 17:50:19,221 INFO, Total volume traded: total quanity buys + sells: 400

2025-03-20 17:50:19,221 INFO, Drawdown: -1.2219502769547805

2025-03-20 17:50:19,221 INFO, ###############################################################################

2025-03-20 17:50:19,895 INFO, ########################## End of startegy report for ['628']#####################################

2025-03-20 17:50:19,895 INFO, 628:1092.8199999999997,628

2025-03-20 17:50:19,895 INFO, Total Orders:201

2025-03-20 17:50:19,895 INFO, Total PNL:1092.8199999999997, START_DATE : 20250217, END_DATE:20250218

2025-03-20 17:50:19,896 INFO, Winning Trades:200

2025-03-20 17:50:19,897 INFO, Sharpe daily:1.7530306065644639, Sharpe Annually: 27.82849815392571

2025-03-20 17:50:19,897 INFO, Total volume traded: total quanity buys + sells: 400

2025-03-20 17:50:19,897 INFO, Drawdown: 0.0

2025-03-20 17:50:19,897 INFO, ###############################################################################

2025-03-20 17:50:20,190 INFO, ########################## End of startegy report for ['21252']#####################################

2025-03-20 17:50:20,190 INFO, 21252:205.46000000001368,21252

2025-03-20 17:50:20,190 INFO, Total Orders:201

2025-03-20 17:50:20,190 INFO, Total PNL:205.46000000001368, START_DATE : 20250217, END_DATE:20250218

2025-03-20 17:50:20,190 INFO, Winning Trades:197

2025-03-20 17:50:20,190 INFO, Sharpe daily:1.5976793382512209, Sharpe Annually: 25.362373223033853

2025-03-20 17:50:20,190 INFO, Total volume traded: total quanity buys + sells: 400

2025-03-20 17:50:20,190 INFO, Drawdown: -0.029926335174953786

2025-03-20 17:50:20,190 INFO, ###############################################################################

2025-03-20 17:50:21,196 INFO, ########################## End of startegy report for ['1250']#####################################

2025-03-20 17:50:21,196 INFO, 1250:1309.9800000000032,1250

2025-03-20 17:50:21,196 INFO, Total Orders:201

2025-03-20 17:50:21,196 INFO, Total PNL:1309.9800000000032, START_DATE : 20250217, END_DATE:20250218

2025-03-20 17:50:21,196 INFO, Winning Trades:169

2025-03-20 17:50:21,197 INFO, Sharpe daily:1.0325039033043817, Sharpe Annually: 16.39049133508125

2025-03-20 17:50:21,197 INFO, Total volume traded: total quanity buys + sells: 400

2025-03-20 17:50:21,197 INFO, Drawdown: -0.014979038526270281

2025-03-20 17:50:21,197 INFO, ###############################################################################

2025-03-20 17:50:21,641 INFO, ########################## End of startegy report for ['2181']#####################################

2025-03-20 17:50:21,641 INFO, 2181:40483.900000001304,2181

2025-03-20 17:50:21,641 INFO, Total Orders:201

2025-03-20 17:50:21,641 INFO, Total PNL:40483.900000001304, START_DATE : 20250217, END_DATE:20250218

2025-03-20 17:50:21,641 INFO, Winning Trades:192

2025-03-20 17:50:21,641 INFO, Sharpe daily:1.4834529806826826, Sharpe Annually: 23.549086011263295

2025-03-20 17:50:21,641 INFO, Total volume traded: total quanity buys + sells: 400

2025-03-20 17:50:21,641 INFO, Drawdown: -7.914498141263566

2025-03-20 17:50:21,641 INFO, ###############################################################################

2025-03-20 17:50:22,656 INFO, ########################## End of startegy report for ['21508']#####################################

2025-03-20 17:50:22,656 INFO, 21508:4642.899999999994,21508

2025-03-20 17:50:22,656 INFO, Total Orders:201

2025-03-20 17:50:22,656 INFO, Total PNL:4642.899999999994, START_DATE : 20250217, END_DATE:20250218

2025-03-20 17:50:22,656 INFO, Winning Trades:200

2025-03-20 17:50:22,657 INFO, Sharpe daily:2.0296969582687554, Sharpe Annually: 32.22044033042023

2025-03-20 17:50:22,657 INFO, Total volume traded: total quanity buys + sells: 400

2025-03-20 17:50:22,657 INFO, Drawdown: 0.0

2025-03-20 17:50:22,657 INFO, ###############################################################################

2025-03-20 17:50:23,509 INFO, ########################## End of startegy report for ['1185']#####################################

2025-03-20 17:50:23,509 INFO, 1185:-54380.59999999986,1185

2025-03-20 17:50:23,509 INFO, Total Orders:201

2025-03-20 17:50:23,509 INFO, Total PNL:-54380.59999999986, START_DATE : 20250217, END_DATE:20250218

2025-03-20 17:50:23,509 INFO, Winning Trades:0

2025-03-20 17:50:23,509 INFO, Sharpe daily:-7.147582747761026, Sharpe Annually: -113.46435855498831

2025-03-20 17:50:23,509 INFO, Total volume traded: total quanity buys + sells: 400

2025-03-20 17:50:23,509 INFO, Drawdown: -0.0

2025-03-20 17:50:23,509 INFO, ###############################################################################

2025-03-20 17:50:23,898 INFO, ########################## End of startegy report for ['100']#####################################

2025-03-20 17:50:23,898 INFO, 100:-1332.899999999965,100

2025-03-20 17:50:23,898 INFO, Total Orders:201

2025-03-20 17:50:23,898 INFO, Total PNL:-1332.899999999965, START_DATE : 20250217, END_DATE:20250218

2025-03-20 17:50:23,898 INFO, Winning Trades:93

2025-03-20 17:50:23,898 INFO, Sharpe daily:-0.4341400493507765, Sharpe Annually: -6.891759628532778

2025-03-20 17:50:23,898 INFO, Total volume traded: total quanity buys + sells: 400

2025-03-20 17:50:23,898 INFO, Drawdown: -2.6067747573986004

2025-03-20 17:50:23,898 INFO, ###############################################################################

2025-03-20 17:50:24,708 INFO, ########################## End of startegy report for ['20224']#####################################

2025-03-20 17:50:24,709 INFO, 20224:-1022.8999999999942,20224

2025-03-20 17:50:24,709 INFO, Total Orders:201

2025-03-20 17:50:24,709 INFO, Total PNL:-1022.8999999999942, START_DATE : 20250217, END_DATE:20250218

2025-03-20 17:50:24,709 INFO, Winning Trades:3

2025-03-20 17:50:24,709 INFO, Sharpe daily:-1.6048247893440728, Sharpe Annually: -25.47580374261622

2025-03-20 17:50:24,709 INFO, Total volume traded: total quanity buys + sells: 400

2025-03-20 17:50:24,709 INFO, Drawdown: -0.0

2025-03-20 17:50:24,709 INFO, ###############################################################################

2025-03-20 17:50:25,209 INFO, ########################## End of startegy report for ['17903']#####################################

2025-03-20 17:50:25,209 INFO, 17903:201149.75,17903

2025-03-20 17:50:25,209 INFO, Total Orders:201

2025-03-20 17:50:25,209 INFO, Total PNL:201149.75, START_DATE : 20250217, END_DATE:20250218

2025-03-20 17:50:25,209 INFO, Winning Trades:200

2025-03-20 17:50:25,209 INFO, Sharpe daily:2.4371560276223483, Sharpe Annually: 38.68865253210479

2025-03-20 17:50:25,209 INFO, Total volume traded: total quanity buys + sells: 400

2025-03-20 17:50:25,209 INFO, Drawdown: 0.0

2025-03-20 17:50:25,209 INFO, ###############################################################################

2025-03-20 17:50:25,990 INFO, ########################## End of startegy report for ['18060']#####################################

2025-03-20 17:50:25,990 INFO, 18060:22295.850000000035,18060

2025-03-20 17:50:25,990 INFO, Total Orders:201

2025-03-20 17:50:25,990 INFO, Total PNL:22295.850000000035, START_DATE : 20250217, END_DATE:20250218

2025-03-20 17:50:25,990 INFO, Winning Trades:200

2025-03-20 17:50:25,990 INFO, Sharpe daily:1.9641221130403854, Sharpe Annually: 31.179471934005324

2025-03-20 17:50:25,990 INFO, Total volume traded: total quanity buys + sells: 400

2025-03-20 17:50:25,991 INFO, Drawdown: 0.0

2025-03-20 17:50:25,991 INFO, ###############################################################################

2025-03-20 17:50:26,748 INFO, ########################## End of startegy report for ['395']#####################################

2025-03-20 17:50:26,748 INFO, 395:-20758.600000000035,395

2025-03-20 17:50:26,748 INFO, Total Orders:201

2025-03-20 17:50:26,748 INFO, Total PNL:-20758.600000000035, START_DATE : 20250217, END_DATE:20250218

2025-03-20 17:50:26,748 INFO, Winning Trades:0

2025-03-20 17:50:26,748 INFO, Sharpe daily:-7.1277399093697085, Sharpe Annually: -113.14936326085387

2025-03-20 17:50:26,748 INFO, Total volume traded: total quanity buys + sells: 400

2025-03-20 17:50:26,748 INFO, Drawdown: -0.0

2025-03-20 17:50:26,748 INFO, ###############################################################################

2025-03-20 17:50:27,265 INFO, ########################## End of startegy report for ['263']#####################################

2025-03-20 17:50:27,265 INFO, 263:8739.049999999814,263

2025-03-20 17:50:27,265 INFO, Total Orders:201

2025-03-20 17:50:27,265 INFO, Total PNL:8739.049999999814, START_DATE : 20250217, END_DATE:20250218

2025-03-20 17:50:27,265 INFO, Winning Trades:109

2025-03-20 17:50:27,265 INFO, Sharpe daily:0.5887012732878074, Sharpe Annually: 9.345342993759662

2025-03-20 17:50:27,265 INFO, Total volume traded: total quanity buys + sells: 400

2025-03-20 17:50:27,265 INFO, Drawdown: -0.24214200542005762

2025-03-20 17:50:27,265 INFO, ###############################################################################

2025-03-20 17:50:28,041 INFO, ########################## End of startegy report for ['1134']#####################################

2025-03-20 17:50:28,041 INFO, 1134:-1123.1100000000042,1134

2025-03-20 17:50:28,041 INFO, Total Orders:201

2025-03-20 17:50:28,041 INFO, Total PNL:-1123.1100000000042, START_DATE : 20250217, END_DATE:20250218

2025-03-20 17:50:28,041 INFO, Winning Trades:0

2025-03-20 17:50:28,041 INFO, Sharpe daily:-4.340836027482239, Sharpe Annually: -68.90863566496526

2025-03-20 17:50:28,041 INFO, Total volume traded: total quanity buys + sells: 400

2025-03-20 17:50:28,042 INFO, Drawdown: -0.0

2025-03-20 17:50:28,042 INFO, ###############################################################################

2025-03-20 17:50:28,762 INFO, ########################## End of startegy report for ['17279']#####################################

2025-03-20 17:50:28,762 INFO, 17279:2206.3499999999913,17279

2025-03-20 17:50:28,762 INFO, Total Orders:201

2025-03-20 17:50:28,762 INFO, Total PNL:2206.3499999999913, START_DATE : 20250217, END_DATE:20250218

2025-03-20 17:50:28,762 INFO, Winning Trades:200

2025-03-20 17:50:28,762 INFO, Sharpe daily:2.3495217304199367, Sharpe Annually: 37.29750119179976

2025-03-20 17:50:28,763 INFO, Total volume traded: total quanity buys + sells: 400

2025-03-20 17:50:28,763 INFO, Drawdown: 0.0

2025-03-20 17:50:28,763 INFO, ###############################################################################

2025-03-20 17:50:29,370 INFO, ########################## End of startegy report for ['29452']#####################################

2025-03-20 17:50:29,370 INFO, 29452:-2886.5999999999767,29452

2025-03-20 17:50:29,370 INFO, Total Orders:201

2025-03-20 17:50:29,370 INFO, Total PNL:-2886.5999999999767, START_DATE : 20250217, END_DATE:20250218

2025-03-20 17:50:29,370 INFO, Winning Trades:0

2025-03-20 17:50:29,371 INFO, Sharpe daily:-4.369458286205645, Sharpe Annually: -69.36299993622374

2025-03-20 17:50:29,371 INFO, Total volume traded: total quanity buys + sells: 400

2025-03-20 17:50:29,371 INFO, Drawdown: -0.0

2025-03-20 17:50:29,371 INFO, ###############################################################################

2025-03-20 17:50:30,186 INFO, ########################## End of startegy report for ['2144']#####################################

2025-03-20 17:50:30,187 INFO, 2144:-11646.000000000087,2144

2025-03-20 17:50:30,187 INFO, Total Orders:201

2025-03-20 17:50:30,187 INFO, Total PNL:-11646.000000000087, START_DATE : 20250217, END_DATE:20250218

2025-03-20 17:50:30,187 INFO, Winning Trades:0

2025-03-20 17:50:30,187 INFO, Sharpe daily:-9.926502360408367, Sharpe Annually: -157.57833980601714

2025-03-20 17:50:30,187 INFO, Total volume traded: total quanity buys + sells: 400

2025-03-20 17:50:30,187 INFO, Drawdown: -0.0

2025-03-20 17:50:30,187 INFO, ###############################################################################

2025-03-20 17:50:30,742 INFO, ########################## End of startegy report for ['5578']#####################################

2025-03-20 17:50:30,742 INFO, 5578:-8909.899999999965,5578

2025-03-20 17:50:30,742 INFO, Total Orders:201

2025-03-20 17:50:30,742 INFO, Total PNL:-8909.899999999965, START_DATE : 20250217, END_DATE:20250218

2025-03-20 17:50:30,742 INFO, Winning Trades:100

2025-03-20 17:50:30,742 INFO, Sharpe daily:-0.47185935641594334, Sharpe Annually: -7.490535065253456

2025-03-20 17:50:30,742 INFO, Total volume traded: total quanity buys + sells: 400

2025-03-20 17:50:30,742 INFO, Drawdown: -2.8458080420956753

2025-03-20 17:50:30,742 INFO, ###############################################################################

2025-03-20 17:50:31,359 INFO, ########################## End of startegy report for ['8124']#####################################

2025-03-20 17:50:31,359 INFO, 8124:41716.85000000009,8124

2025-03-20 17:50:31,359 INFO, Total Orders:201

2025-03-20 17:50:31,359 INFO, Total PNL:41716.85000000009, START_DATE : 20250217, END_DATE:20250218

2025-03-20 17:50:31,359 INFO, Winning Trades:200

2025-03-20 17:50:31,359 INFO, Sharpe daily:2.9731638480776907, Sharpe Annually: 47.197512894368366

2025-03-20 17:50:31,359 INFO, Total volume traded: total quanity buys + sells: 400

2025-03-20 17:50:31,359 INFO, Drawdown: 0.0

2025-03-20 17:50:31,359 INFO, ###############################################################################

2025-03-20 17:50:32,464 INFO, ########################## End of startegy report for ['3608']#####################################

2025-03-20 17:50:32,464 INFO, 3608:-21410.920000000002,3608

2025-03-20 17:50:32,464 INFO, Total Orders:157

2025-03-20 17:50:32,464 INFO, Total PNL:-21410.920000000002, START_DATE : 20250217, END_DATE:20250218

2025-03-20 17:50:32,465 INFO, ########################## End of startegy report for ['3608']#####################################

2025-03-20 17:50:32,465 INFO, 3608:10.159999999996217,3608

2025-03-20 17:50:32,465 INFO, Total Orders:158

2025-03-20 17:50:32,466 INFO, Total PNL:10.159999999996217, START_DATE : 20250217, END_DATE:20250218

2025-03-20 17:50:32,466 INFO, Winning Trades:86

2025-03-20 17:50:32,466 INFO, Sharpe daily:0.1143677670928446, Sharpe Annually: 1.8155320183765402

2025-03-20 17:50:32,466 INFO, Total volume traded: total quanity buys + sells: 314

2025-03-20 17:50:32,466 INFO, Drawdown: -1.2917933130698946

2025-03-20 17:50:32,466 INFO, ###############################################################################

2025-03-20 17:50:33,329 INFO, ########################## End of startegy report for ['20905']#####################################

2025-03-20 17:50:33,329 INFO, 20905:-11264.89999999982,20905

2025-03-20 17:50:33,329 INFO, Total Orders:201

2025-03-20 17:50:33,329 INFO, Total PNL:-11264.89999999982, START_DATE : 20250217, END_DATE:20250218

2025-03-20 17:50:33,329 INFO, Winning Trades:0

2025-03-20 17:50:33,329 INFO, Sharpe daily:-4.0756047476019805, Sharpe Annually: -64.69821962609406

2025-03-20 17:50:33,329 INFO, Total volume traded: total quanity buys + sells: 400

2025-03-20 17:50:33,329 INFO, Drawdown: -0.0

2025-03-20 17:50:33,329 INFO, ###############################################################################

2025-03-20 17:50:33,857 INFO, ########################## End of startegy report for ['6216']#####################################

2025-03-20 17:50:33,857 INFO, 6216:97.66000000002168,6216

2025-03-20 17:50:33,857 INFO, Total Orders:201

2025-03-20 17:50:33,857 INFO, Total PNL:97.66000000002168, START_DATE : 20250217, END_DATE:20250218

2025-03-20 17:50:33,857 INFO, Winning Trades:100

2025-03-20 17:50:33,857 INFO, Sharpe daily:0.06499223945494666, Sharpe Annually: 1.0317198164816936

2025-03-20 17:50:33,857 INFO, Total volume traded: total quanity buys + sells: 400

2025-03-20 17:50:33,857 INFO, Drawdown: -0.877414738850468

2025-03-20 17:50:33,857 INFO, ###############################################################################

2025-03-20 17:50:34,503 INFO, ########################## End of startegy report for ['8546']#####################################

2025-03-20 17:50:34,503 INFO, 8546:-600.0500000000466,8546

2025-03-20 17:50:34,503 INFO, Total Orders:201

2025-03-20 17:50:34,503 INFO, Total PNL:-600.0500000000466, START_DATE : 20250217, END_DATE:20250218

2025-03-20 17:50:34,503 INFO, Winning Trades:58

2025-03-20 17:50:34,503 INFO, Sharpe daily:-0.6336136255103181, Sharpe Annually: -10.058304482413876

2025-03-20 17:50:34,503 INFO, Total volume traded: total quanity buys + sells: 400

2025-03-20 17:50:34,503 INFO, Drawdown: -18.39275362318846

2025-03-20 17:50:34,503 INFO, ###############################################################################

2025-03-20 17:50:35,376 INFO, ########################## End of startegy report for ['12024']#####################################

2025-03-20 17:50:35,376 INFO, 12024:3138.6000000000204,12024

2025-03-20 17:50:35,376 INFO, Total Orders:201

2025-03-20 17:50:35,376 INFO, Total PNL:3138.6000000000204, START_DATE : 20250217, END_DATE:20250218

2025-03-20 17:50:35,376 INFO, Winning Trades:200

2025-03-20 17:50:35,376 INFO, Sharpe daily:1.5748259085103908, Sharpe Annually: 24.99958627283911

2025-03-20 17:50:35,376 INFO, Total volume traded: total quanity buys + sells: 400

2025-03-20 17:50:35,376 INFO, Drawdown: 0.0

2025-03-20 17:50:35,376 INFO, ###############################################################################

2025-03-20 17:50:35,909 INFO, ########################## End of startegy report for ['1508']#####################################

2025-03-20 17:50:35,909 INFO, 1508:-659.0000000000437,1508

2025-03-20 17:50:35,909 INFO, Total Orders:201

2025-03-20 17:50:35,909 INFO, Total PNL:-659.0000000000437, START_DATE : 20250217, END_DATE:20250218

2025-03-20 17:50:35,909 INFO, Winning Trades:10

2025-03-20 17:50:35,909 INFO, Sharpe daily:-1.4425623562634173, Sharpe Annually: -22.89996747225817

2025-03-20 17:50:35,909 INFO, Total volume traded: total quanity buys + sells: 400

2025-03-20 17:50:35,909 INFO, Drawdown: -0.0

2025-03-20 17:50:35,909 INFO, ###############################################################################

2025-03-20 17:50:36,567 INFO, ########################## End of startegy report for ['5407']#####################################

2025-03-20 17:50:36,567 INFO, 5407:-11121.500000000058,5407

2025-03-20 17:50:36,567 INFO, Total Orders:201

2025-03-20 17:50:36,567 INFO, Total PNL:-11121.500000000058, START_DATE : 20250217, END_DATE:20250218

2025-03-20 17:50:36,567 INFO, Winning Trades:0

2025-03-20 17:50:36,567 INFO, Sharpe daily:-3.5313106854445477, Sharpe Annually: -56.05781925474786

2025-03-20 17:50:36,567 INFO, Total volume traded: total quanity buys + sells: 400

2025-03-20 17:50:36,567 INFO, Drawdown: -0.0

2025-03-20 17:50:36,567 INFO, ###############################################################################

2025-03-20 17:50:37,368 INFO, ########################## End of startegy report for ['11491']#####################################

2025-03-20 17:50:37,368 INFO, 11491:-19091.800000000978,11491

2025-03-20 17:50:37,368 INFO, Total Orders:201

2025-03-20 17:50:37,368 INFO, Total PNL:-19091.800000000978, START_DATE : 20250217, END_DATE:20250218

2025-03-20 17:50:37,368 INFO, Winning Trades:100

2025-03-20 17:50:37,369 INFO, Sharpe daily:-0.5993835885088274, Sharpe Annually: -9.514919490766976

2025-03-20 17:50:37,369 INFO, Total volume traded: total quanity buys + sells: 400

2025-03-20 17:50:37,369 INFO, Drawdown: -4.0818576571050365

2025-03-20 17:50:37,369 INFO, ###############################################################################

2025-03-20 17:50:38,527 INFO, ########################## End of startegy report for ['11343']#####################################

2025-03-20 17:50:38,527 INFO, 11343:-7160.95000000007,11343

2025-03-20 17:50:38,527 INFO, Total Orders:201

2025-03-20 17:50:38,527 INFO, Total PNL:-7160.95000000007, START_DATE : 20250217, END_DATE:20250218

2025-03-20 17:50:38,527 INFO, Winning Trades:28

2025-03-20 17:50:38,527 INFO, Sharpe daily:-1.2022994522610648, Sharpe Annually: -19.08591211267171

2025-03-20 17:50:38,527 INFO, Total volume traded: total quanity buys + sells: 400

2025-03-20 17:50:38,528 INFO, Drawdown: -260.45471014488083

2025-03-20 17:50:38,528 INFO, ###############################################################################

2025-03-20 17:50:39,122 INFO, ########################## End of startegy report for ['4421']#####################################

2025-03-20 17:50:39,122 INFO, 4421:-1572.1999999999534,4421

2025-03-20 17:50:39,122 INFO, Total Orders:201

2025-03-20 17:50:39,122 INFO, Total PNL:-1572.1999999999534, START_DATE : 20250217, END_DATE:20250218

2025-03-20 17:50:39,122 INFO, Winning Trades:100

2025-03-20 17:50:39,123 INFO, Sharpe daily:-0.26073550347661817, Sharpe Annually: -4.139047800986092

2025-03-20 17:50:39,123 INFO, Total volume traded: total quanity buys + sells: 400

2025-03-20 17:50:39,123 INFO, Drawdown: -1.7113705262205388

2025-03-20 17:50:39,123 INFO, ###############################################################################

2025-03-20 17:50:39,776 INFO, ########################## End of startegy report for ['25977']#####################################

2025-03-20 17:50:39,776 INFO, 25977:1943.4000000000087,25977

2025-03-20 17:50:39,776 INFO, Total Orders:201

2025-03-20 17:50:39,776 INFO, Total PNL:1943.4000000000087, START_DATE : 20250217, END_DATE:20250218

2025-03-20 17:50:39,776 INFO, Winning Trades:200

2025-03-20 17:50:39,776 INFO, Sharpe daily:2.000670162364379, Sharpe Annually: 31.759654230500175

2025-03-20 17:50:39,776 INFO, Total volume traded: total quanity buys + sells: 400

2025-03-20 17:50:39,776 INFO, Drawdown: 0.0

2025-03-20 17:50:39,776 INFO, ###############################################################################

2025-03-20 17:50:40,265 INFO, ########################## End of startegy report for ['17187']#####################################

2025-03-20 17:50:40,265 INFO, 17187:-3747.4500000000407,17187

2025-03-20 17:50:40,265 INFO, Total Orders:201

2025-03-20 17:50:40,265 INFO, Total PNL:-3747.4500000000407, START_DATE : 20250217, END_DATE:20250218

2025-03-20 17:50:40,265 INFO, Winning Trades:0

2025-03-20 17:50:40,265 INFO, Sharpe daily:-7.688035374018304, Sharpe Annually: -122.04377802191927

2025-03-20 17:50:40,265 INFO, Total volume traded: total quanity buys + sells: 400

2025-03-20 17:50:40,265 INFO, Drawdown: -0.0

2025-03-20 17:50:40,265 INFO, ###############################################################################

